Build started 12/3/2015 12:39:09 AM.
     1>Project "C:\Users\Yannik\Documents\Visual Studio 2015\Projects\KMINT\Week2\Framework\SDLFramework\SDLFramework\SDLFramework.vcxproj" on node 2 (Build target(s)).
     1>ClCompile:
         D:\Program Files (x86)\Microsoft Visual Studio 14.0\VC\bin\CL.exe /c /I"C:\Users\Yannik\Documents\Visual Studio 2015\Projects\KMINT\Week2\Framework\SDLFramework\SDLFramework\../../SDL2-2.0.3/include" /I"C:\Users\Yannik\Documents\Visual Studio 2015\Projects\KMINT\Week2\Framework\SDLFramework\SDLFramework\../../SDL2_ttf-2.0.12/include" /I"C:\Users\Yannik\Documents\Visual Studio 2015\Projects\KMINT\Week2\Framework\SDLFramework\SDLFramework\../../SDL2_image-2.0.0/include" /ZI /nologo /W3 /WX- /sdl /Od /Oy- /D WIN32 /D _DEBUG /D _CONSOLE /D _LIB /D _UNICODE /D UNICODE /Gm /EHsc /RTC1 /MDd /GS /fp:precise /Zc:wchar_t /Zc:forScope /Zc:inline /Fo"Debug\\" /Fd"Debug\vc140.pdb" /Gd /TP /analyze- /errorReport:prompt Animal.cpp Cow.cpp Hare.cpp HuntingState.cpp Main.cpp SearchState.cpp WanderingState.cpp
         HuntingState.cpp
         Generating Code...
         Compiling...
         Main.cpp
     1>c:\users\yannik\documents\visual studio 2015\projects\kmint\week2\framework\sdlframework\sdlframework\main.cpp(16): warning C4244: 'argument': conversion from 'time_t' to 'unsigned int', possible loss of data
         Hare.cpp
         Cow.cpp
     1>c:\users\yannik\documents\visual studio 2015\projects\kmint\week2\framework\sdlframework\sdlframework\cow.cpp(40): warning C4101: 'Location': unreferenced local variable
         Generating Code...
         Skipping... (no relevant changes detected)
         WanderingState.cpp
         SearchState.cpp
         Animal.cpp
       Link:
         D:\Program Files (x86)\Microsoft Visual Studio 14.0\VC\bin\link.exe /ERRORREPORT:PROMPT /OUT:"C:\Users\Yannik\Documents\Visual Studio 2015\Projects\KMINT\Week2\Framework\SDLFramework\Debug\SDLFramework.exe" /INCREMENTAL /NOLOGO /LIBPATH:"C:\Users\Yannik\Documents\Visual Studio 2015\Projects\KMINT\Week2\Framework\SDLFramework\SDLFramework\../../SDL2-2.0.3/lib/x86" /LIBPATH:"C:\Users\Yannik\Documents\Visual Studio 2015\Projects\KMINT\Week2\Framework\SDLFramework\SDLFramework\../../SDL2_ttf-2.0.12/lib/x86" /LIBPATH:"C:\Users\Yannik\Documents\Visual Studio 2015\Projects\KMINT\Week2\Framework\SDLFramework\SDLFramework\../../SDL2_image-2.0.0/lib/x86" SDL2.lib SDL2main.lib SDL2test.lib SDL2_ttf.lib SDL2_image.lib kernel32.lib user32.lib gdi32.lib winspool.lib comdlg32.lib advapi32.lib shell32.lib ole32.lib oleaut32.lib uuid.lib odbc32.lib odbccp32.lib /MANIFEST /MANIFESTUAC:"level='asInvoker' uiAccess='false'" /manifest:embed /Debug /PDB:"C:\Users\Yannik\Documents\Visual Studio 2015\Projects\KMINT\Week2\Framework\SDLFramework\Debug\SDLFramework.pdb" /SUBSYSTEM:CONSOLE /TLBID:1 /DYNAMICBASE /NXCOMPAT /IMPLIB:"C:\Users\Yannik\Documents\Visual Studio 2015\Projects\KMINT\Week2\Framework\SDLFramework\Debug\SDLFramework.lib" /MACHINE:X86 Debug\Animal.obj
         Debug\AnimalState.obj
         Debug\Cow.obj
         Debug\DrawService.obj
         Debug\Edge.obj
         Debug\FWApplication.obj
         Debug\Graph.obj
         Debug\Hare.obj
         Debug\HuntingState.obj
         Debug\Main.obj
         Debug\Pill.obj
         Debug\SearchState.obj
         Debug\Vertex.obj
         Debug\WanderingState.obj
         SDLFramework.vcxproj -> C:\Users\Yannik\Documents\Visual Studio 2015\Projects\KMINT\Week2\Framework\SDLFramework\Debug\SDLFramework.exe
     1>Done Building Project "C:\Users\Yannik\Documents\Visual Studio 2015\Projects\KMINT\Week2\Framework\SDLFramework\SDLFramework\SDLFramework.vcxproj" (Build target(s)).

Build succeeded.

Time Elapsed 00:00:02.75
